DONE TASK
DONE TASK
ETL pipeline completed
ETL pipeline completed
ETL pipeline completed
ETL pipeline completed
ETL pipeline completed
ETL pipeline completed
ETL pipeline completed
ETL pipeline completed
ETL pipeline completed
ETL pipeline completed
ETL pipeline completed
ETL pipeline completed
ETL pipeline completed
ETL pipeline completed
ETL pipeline completed
ETL pipeline completed
ETL pipeline completed
ETL pipeline completed
ETL pipeline completed
ETL pipeline completed
ETL pipeline completed
ETL pipeline completed
ETL pipeline completed
ETL pipeline completed
ETL pipeline completed
ETL pipeline completed
ETL pipeline completed
ETL pipeline completed
ETL pipeline completed
ETL pipeline completed
ETL pipeline completed
ETL pipeline completed
ETL pipeline completed
ETL pipeline completed
ETL pipeline completed
ETL pipeline completed
Error in ETL pipeline:
Expecting value: line 1 column 1 (char 0)
ETL pipeline completed
ETL pipeline completed
ETL pipeline completed
ETL pipeline completed
ETL pipeline completed
ETL pipeline completed
ETL pipeline completed
ETL pipeline completed
Error in ETL pipeline:
Expecting value: line 1 column 1 (char 0)
ETL pipeline completed
ETL pipeline completed
ETL pipeline completed
ETL pipeline completed
Error in ETL pipeline:
'tracks'
Error in ETL pipeline:
'tracks'
Error in ETL pipeline:
'tracks'
Error in ETL pipeline:
'tracks'
Error in ETL pipeline:
'tracks'
Error in ETL pipeline:
'tracks'
Error in ETL pipeline:
'tracks'
Error in ETL pipeline:
'tracks'
Error in ETL pipeline:
'tracks'
Error in ETL pipeline:
'tracks'
Error in ETL pipeline:
'tracks'
Error in ETL pipeline:
'tracks'
Error in ETL pipeline:
'tracks'
Error in ETL pipeline:
'tracks'
Error in ETL pipeline:
'tracks'
Error in ETL pipeline:
'tracks'
Error in ETL pipeline:
'tracks'
Error in ETL pipeline:
'tracks'
Error in ETL pipeline:
'tracks'
Error in ETL pipeline:
'tracks'
Error in ETL pipeline:
'tracks'
Error in ETL pipeline:
'tracks'
