2025-02-17 20:51:15,DEBUG,Starting new HTTPS connection (1): accounts.spotify.com:443
2025-02-17 20:51:15,DEBUG,https://accounts.spotify.com:443 "POST /api/token HTTP/1.1" 200 None
2025-02-17 20:51:15,INFO,Get new spotify token
2025-02-17 20:51:15,INFO,Created new database engine
2025-02-17 20:51:15,DEBUG,Starting new HTTPS connection (1): api.spotify.com:443
2025-02-17 20:51:16,DEBUG,https://api.spotify.com:443 "GET /v1/search?q=genre:dubstep&type=track&offset=0&limit=20 HTTP/1.1" 200 None
2025-02-17 20:51:16,INFO,Get dubstep tracks from Spotify API
2025-02-17 20:51:16,DEBUG,Starting new HTTPS connection (1): api.spotify.com:443
2025-02-17 20:51:16,DEBUG,https://api.spotify.com:443 "GET /v1/artists/3NPpFNZtSTHheNBaWC82rB HTTP/1.1" 200 None
2025-02-17 20:51:16,DEBUG,Starting new HTTPS connection (1): api.spotify.com:443
2025-02-17 20:51:16,DEBUG,https://api.spotify.com:443 "GET /v1/artists/0kErUwb6xgWfkdn0RyZWHZ HTTP/1.1" 200 None
2025-02-17 20:51:16,DEBUG,Starting new HTTPS connection (1): api.spotify.com:443
2025-02-17 20:51:16,DEBUG,https://api.spotify.com:443 "GET /v1/artists/5ooIuCvSBl6Eo4cHixvB7x HTTP/1.1" 200 None
2025-02-17 20:51:16,DEBUG,Starting new HTTPS connection (1): api.spotify.com:443
2025-02-17 20:51:16,DEBUG,https://api.spotify.com:443 "GET /v1/artists/7d5SfGXKpgS3JK8BFIq59h HTTP/1.1" 200 None
2025-02-17 20:51:16,DEBUG,Starting new HTTPS connection (1): api.spotify.com:443
2025-02-17 20:51:16,DEBUG,https://api.spotify.com:443 "GET /v1/artists/6d0ZjIp5L7Ygy2l02HskRX HTTP/1.1" 200 None
2025-02-17 20:51:16,DEBUG,Starting new HTTPS connection (1): api.spotify.com:443
2025-02-17 20:51:16,DEBUG,https://api.spotify.com:443 "GET /v1/artists/57Vnemieu10x71jR2UWc4o HTTP/1.1" 200 None
2025-02-17 20:51:16,DEBUG,Starting new HTTPS connection (1): api.spotify.com:443
2025-02-17 20:51:16,DEBUG,https://api.spotify.com:443 "GET /v1/artists/01olvHW7uzIInQx9VTNuJm HTTP/1.1" 200 None
2025-02-17 20:51:16,DEBUG,Starting new HTTPS connection (1): api.spotify.com:443
2025-02-17 20:51:16,DEBUG,https://api.spotify.com:443 "GET /v1/artists/7pmS98qub9BnSfqTHvogQD HTTP/1.1" 200 None
2025-02-17 20:51:16,DEBUG,Starting new HTTPS connection (1): api.spotify.com:443
2025-02-17 20:51:17,DEBUG,https://api.spotify.com:443 "GET /v1/artists/4CzzY9kG8C2BLOuTuy3oLe HTTP/1.1" 200 None
2025-02-17 20:51:17,DEBUG,Starting new HTTPS connection (1): api.spotify.com:443
2025-02-17 20:51:17,DEBUG,https://api.spotify.com:443 "GET /v1/artists/67qogtRNI0GjUr8PlaG6Zh HTTP/1.1" 200 None
2025-02-17 20:51:17,DEBUG,Starting new HTTPS connection (1): api.spotify.com:443
2025-02-17 20:51:17,DEBUG,https://api.spotify.com:443 "GET /v1/artists/0p4nmQO2msCgU4IF37Wi3j HTTP/1.1" 200 None
2025-02-17 20:51:17,DEBUG,Starting new HTTPS connection (1): api.spotify.com:443
2025-02-17 20:51:17,DEBUG,https://api.spotify.com:443 "GET /v1/artists/45eNHdiiabvmbp4erw26rg HTTP/1.1" 200 None
2025-02-17 20:51:17,DEBUG,Starting new HTTPS connection (1): api.spotify.com:443
2025-02-17 20:51:17,DEBUG,https://api.spotify.com:443 "GET /v1/artists/20DZAfCuP1TKZl5KcY7z3Q HTTP/1.1" 200 None
2025-02-17 20:51:17,DEBUG,Starting new HTTPS connection (1): api.spotify.com:443
2025-02-17 20:51:17,DEBUG,https://api.spotify.com:443 "GET /v1/artists/33qOK5uJ8AR2xuQQAhHump HTTP/1.1" 200 None
2025-02-17 20:51:17,DEBUG,Starting new HTTPS connection (1): api.spotify.com:443
2025-02-17 20:51:17,DEBUG,https://api.spotify.com:443 "GET /v1/artists/3Uobr6LgQpBbk6k4QGAb3V HTTP/1.1" 200 None
2025-02-17 20:51:17,DEBUG,Starting new HTTPS connection (1): api.spotify.com:443
2025-02-17 20:51:17,DEBUG,https://api.spotify.com:443 "GET /v1/artists/7cImXesjInq0e25gQLHWoV HTTP/1.1" 200 None
2025-02-17 20:51:17,DEBUG,Starting new HTTPS connection (1): api.spotify.com:443
2025-02-17 20:51:17,DEBUG,https://api.spotify.com:443 "GET /v1/artists/3RTklnRcfHgkQJwFpgOq3t HTTP/1.1" 200 None
2025-02-17 20:51:17,DEBUG,Starting new HTTPS connection (1): api.spotify.com:443
2025-02-17 20:51:18,DEBUG,https://api.spotify.com:443 "GET /v1/artists/6fcTRFpz0yH79qSKfof7lp HTTP/1.1" 200 None
2025-02-17 20:51:18,DEBUG,Starting new HTTPS connection (1): api.spotify.com:443
2025-02-17 20:51:18,DEBUG,https://api.spotify.com:443 "GET /v1/artists/1Uyqa2sdHm1bL5JK4IC4zc HTTP/1.1" 200 None
2025-02-17 20:51:18,DEBUG,Starting new HTTPS connection (1): api.spotify.com:443
2025-02-17 20:51:18,DEBUG,https://api.spotify.com:443 "GET /v1/artists/0nTbVTXLLbBA4xCtn0cFkv HTTP/1.1" 200 None
2025-02-17 20:51:18,DEBUG,Starting new HTTPS connection (1): api.spotify.com:443
2025-02-17 20:51:18,DEBUG,https://api.spotify.com:443 "GET /v1/artists/28y5ZcfpdZAfeEE5ftCfUg HTTP/1.1" 200 None
2025-02-17 20:51:18,DEBUG,Starting new HTTPS connection (1): api.spotify.com:443
2025-02-17 20:51:18,DEBUG,https://api.spotify.com:443 "GET /v1/artists/2K9qsrYnsu1EWt7ZQkkuXb HTTP/1.1" 200 None
2025-02-17 20:51:18,DEBUG,Starting new HTTPS connection (1): api.spotify.com:443
2025-02-17 20:51:18,DEBUG,https://api.spotify.com:443 "GET /v1/artists/50JJSqHUf2RQ9xsHs0KMHg HTTP/1.1" 200 None
2025-02-17 20:51:18,DEBUG,Starting new HTTPS connection (1): api.spotify.com:443
2025-02-17 20:51:18,DEBUG,https://api.spotify.com:443 "GET /v1/artists/5FKchcZpQOkqFvXBj1aCvb HTTP/1.1" 200 None
2025-02-17 20:51:18,DEBUG,Starting new HTTPS connection (1): api.spotify.com:443
2025-02-17 20:51:19,DEBUG,https://api.spotify.com:443 "GET /v1/artists/7lZauDnRoAC3kmaYae2opv HTTP/1.1" 200 None
2025-02-17 20:51:19,DEBUG,Starting new HTTPS connection (1): api.spotify.com:443
2025-02-17 20:51:19,DEBUG,https://api.spotify.com:443 "GET /v1/artists/2fNr4ldujwq97v1jWeqs8K HTTP/1.1" 200 None
2025-02-17 20:51:19,DEBUG,Starting new HTTPS connection (1): api.spotify.com:443
2025-02-17 20:51:19,DEBUG,https://api.spotify.com:443 "GET /v1/artists/4NHQUGzhtTLFvgF5SZesLK HTTP/1.1" 200 None
2025-02-17 20:51:19,DEBUG,Starting new HTTPS connection (1): api.spotify.com:443
2025-02-17 20:51:19,DEBUG,https://api.spotify.com:443 "GET /v1/artists/6eVWXmKBW7Iltub01D9R1c HTTP/1.1" 200 None
2025-02-17 20:51:19,DEBUG,Starting new HTTPS connection (1): api.spotify.com:443
2025-02-17 20:51:19,DEBUG,https://api.spotify.com:443 "GET /v1/artists/7muzHifhMdnfN1xncRLOqk HTTP/1.1" 200 None
2025-02-17 20:51:19,DEBUG,Starting new HTTPS connection (1): api.spotify.com:443
2025-02-17 20:51:19,DEBUG,https://api.spotify.com:443 "GET /v1/artists/4exLIFE8sISLr28sqG1qNX HTTP/1.1" 200 None
2025-02-17 20:51:19,DEBUG,Starting new HTTPS connection (1): api.spotify.com:443
2025-02-17 20:51:19,DEBUG,https://api.spotify.com:443 "GET /v1/artists/2ITbqEgyp32vL3BxEFmQ1V HTTP/1.1" 200 None
2025-02-17 20:51:19,INFO,Add to table artist with 31 records
2025-02-17 20:51:19,INFO,Add to table album with 16 records
2025-02-17 20:51:19,INFO,Add to table track with 20 records
2025-02-17 20:51:19,INFO,Add to table artist_genre with 88 records
2025-02-17 20:51:19,INFO,Add to table artist_track with 49 records
2025-02-17 20:51:19,INFO,Add to table artist_album with 49 records
2025-02-17 20:51:19,INFO,Add to table track_album with 20 records
2025-02-17 20:51:19,INFO,Pipeline duration:3.719072103500366
2025-02-17 20:51:19,INFO,Extract duration:3.649531841278076
2025-02-17 20:51:19,INFO,Transform duration:0.029075145721435547
2025-02-17 20:51:19,INFO,Load duration:0.04046511650085449
